Filename                                         Regions    Missed Regions     Cover   Functions  Missed Functions  Executed       Lines      Missed Lines     Cover    Branches   Missed Branches     Cover
------------------------------------------------------------------------------------------------------------------------------------------------------------------------------------------------------------
crates/rsqlite-rsync-client/src/client.rs            502                 4    99.20%          54                 0   100.00%         358                 2    99.44%           0                 0         -
crates/rsqlite-rsync-client/src/config.rs             74                 0   100.00%           9                 0   100.00%          70                 0   100.00%           0                 0         -
crates/rsqlite-rsync-client/src/discovery.rs         173                 4    97.69%          21                 1    95.24%         113                 4    96.46%           0                 0         -
crates/rsqlite-rsync-client/src/error.rs              99                 0   100.00%          15                 0   100.00%          77                 0   100.00%           0                 0         -
src/batch.rs                                        1193                65    94.55%          77                 3    96.10%         694                39    94.38%           0                 0         -
src/cli/client.rs                                   1733               180    89.61%          67                 9    86.57%        1119               104    90.71%           0                 0         -
src/db.rs                                            817               100    87.76%          53                10    81.13%         456                67    85.31%           0                 0         -
src/endpoint.rs                                      218                 3    98.62%          13                 0   100.00%         120                 0   100.00%           0                 0         -
src/error.rs                                          77                 4    94.81%           5                 0   100.00%          40                 1    97.50%           0                 0         -
src/gateway/auth.rs                                  177                 0   100.00%          18                 0   100.00%          89                 0   100.00%           0                 0         -
src/gateway/client.rs                                485                20    95.88%          47                 6    87.23%         346                10    97.11%           0                 0         -
src/gateway/engine.rs                               1559                41    97.37%          47                 0   100.00%         848                14    98.35%           0                 0         -
src/gateway/server.rs                                880                31    96.48%          75                12    84.00%         613                12    98.04%           0                 0         -
src/ha.rs                                           2107                44    97.91%         156                 7    95.51%        1476                12    99.19%           0                 0         -
src/hash.rs                                          162                 0   100.00%          14                 0   100.00%          88                 0   100.00%           0                 0         -
src/kv_text.rs                                       203                 2    99.01%          15                 1    93.33%          94                 1    98.94%           0                 0         -
src/lib.rs                                           243                20    91.77%          28                 3    89.29%         213                 5    97.65%           0                 0         -
src/main.rs                                         1230               573    53.41%          77                35    54.55%         868               392    54.84%           0                 0         -
src/protocol/messages.rs                             141                 4    97.16%          15                 1    93.33%          99                 1    98.99%           0                 0         -
src/protocol/mod.rs                                   80                 2    97.50%          13                 0   100.00%          77                 2    97.40%           0                 0         -
src/protocol/origin.rs                              1374                17    98.76%          69                 1    98.55%        1036                 8    99.23%           0                 0         -
src/protocol/replica.rs                              666                18    97.30%          44                 1    97.73%         481                 9    98.13%           0                 0         -
src/snapshot.rs                                      192                 4    97.92%          14                 0   100.00%         100                 0   100.00%           0                 0         -
src/transport/local.rs                                76                 0   100.00%           9                 0   100.00%          71                 0   100.00%           0                 0         -
src/transport/mod.rs                                 147                 2    98.64%          12                 0   100.00%          81                 0   100.00%           0                 0         -
src/transport/ssh.rs                                 684                22    96.78%          54                 6    88.89%         435                13    97.01%           0                 0         -
src/transport/stdio.rs                               102                 2    98.04%          13                 0   100.00%          64                 0   100.00%           0                 0         -
------------------------------------------------------------------------------------------------------------------------------------------------------------------------------------------------------------
TOTAL                                              15394              1162    92.45%        1034                96    90.72%       10126               696    93.13%           0                 0         -